# JRE version: OpenJDK Runtime Environment Temurin-21.0.8+9 (21.0.8+9) (build 21.0.8+9-LTS)
# Java VM: OpenJDK 64-Bit Server VM Temurin-21.0.8+9 (21.0.8+9-LTS, mixed mode, sharing, tiered, compressed oops, compressed class ptrs, parallel gc, windows-amd64)
GC Precious Log:
 CardTable entry size: 512
 CPUs: 24 total, 24 available
 Memory: 14039M
 Large Page Support: Disabled
 NUMA Support: Disabled
 Compressed Oops: Enabled (32-bit)
 Alignments: Space 512K, Generation 512K, Heap 2M
 Heap Min Capacity: 100M
 Heap Initial Capacity: 100M
 Heap Max Capacity: 2G
 Pre-touch: Disabled
 Parallel Workers: 18
Heap:
 PSYoungGen      total 3072K, used 1202K [0x00000000d5580000, 0x00000000d5980000, 0x0000000100000000)
  eden space 2048K, 23% used [0x00000000d5580000,0x00000000d55f8590,0x00000000d5780000)
  from space 1024K, 70% used [0x00000000d5780000,0x00000000d5834570,0x00000000d5880000)
  to   space 1024K, 0% used [0x00000000d5880000,0x00000000d5880000,0x00000000d5980000)
 ParOldGen       total 1114112K, used 1114084K [0x0000000080000000, 0x00000000c4000000, 0x00000000d5580000)
  object space 1114112K, 99% used [0x0000000080000000,0x00000000c3ff9280,0x00000000c4000000)
 Metaspace       used 93557K, committed 95104K, reserved 1179648K
  class space    used 9191K, committed 9920K, reserved 1048576K
GC Heap History (20 events):
Event: 8354.020 GC heap before
{Heap before GC invocations=16929 (full 10):
 PSYoungGen      total 3072K, used 2898K [0x00000000d5580000, 0x00000000d5980000, 0x0000000100000000)
  eden space 2048K, 100% used [0x00000000d5580000,0x00000000d5780000,0x00000000d5780000)
  from space 1024K, 83% used [0x00000000d5780000,0x00000000d5854a80,0x00000000d5880000)
  to   space 1024K, 0% used [0x00000000d5880000,0x00000000d5880000,0x00000000d5980000)
 ParOldGen       total 1112064K, used 1111697K [0x0000000080000000, 0x00000000c3e00000, 0x00000000d5580000)
  object space 1112064K, 99% used [0x0000000080000000,0x00000000c3da4518,0x00000000c3e00000)
 Metaspace       used 93557K, committed 95104K, reserved 1179648K
  class space    used 9191K, committed 9920K, reserved 1048576K
}
Event: 8354.021 GC heap after
{Heap after GC invocations=16929 (full 10):
 PSYoungGen      total 3072K, used 786K [0x00000000d5580000, 0x00000000d5980000, 0x0000000100000000)
  eden space 2048K, 0% used [0x00000000d5580000,0x00000000d5580000,0x00000000d5780000)
  from space 1024K, 76% used [0x00000000d5880000,0x00000000d5944a80,0x00000000d5980000)
  to   space 1024K, 0% used [0x00000000d5780000,0x00000000d5780000,0x00000000d5880000)
 ParOldGen       total 1112576K, used 1112302K [0x0000000080000000, 0x00000000c3e80000, 0x00000000d5580000)
  object space 1112576K, 99% used [0x0000000080000000,0x00000000c3e3b888,0x00000000c3e80000)
 Metaspace       used 93557K, committed 95104K, reserved 1179648K
  class space    used 9191K, committed 9920K, reserved 1048576K
}
Event: 8354.024 GC heap before
{Heap before GC invocations=16930 (full 10):
 PSYoungGen      total 3072K, used 2834K [0x00000000d5580000, 0x00000000d5980000, 0x0000000100000000)
  eden space 2048K, 100% used [0x00000000d5580000,0x00000000d5780000,0x00000000d5780000)
  from space 1024K, 76% used [0x00000000d5880000,0x00000000d5944a80,0x00000000d5980000)
  to   space 1024K, 0% used [0x00000000d5780000,0x00000000d5780000,0x00000000d5880000)
 ParOldGen       total 1112576K, used 1112302K [0x0000000080000000, 0x00000000c3e80000, 0x00000000d5580000)
  object space 1112576K, 99% used [0x0000000080000000,0x00000000c3e3b888,0x00000000c3e80000)
 Metaspace       used 93557K, committed 95104K, reserved 1179648K
  class space    used 9191K, committed 9920K, reserved 1048576K
}
Event: 8354.025 GC heap after
{Heap after GC invocations=16930 (full 10):
 PSYoungGen      total 3072K, used 497K [0x00000000d5580000, 0x00000000d5980000, 0x0000000100000000)
  eden space 2048K, 0% used [0x00000000d5580000,0x00000000d5580000,0x00000000d5780000)
  from space 1024K, 48% used [0x00000000d5780000,0x00000000d57fc548,0x00000000d5880000)
  to   space 1024K, 0% used [0x00000000d5880000,0x00000000d5880000,0x00000000d5980000)
 ParOldGen       total 1113088K, used 1112686K [0x0000000080000000, 0x00000000c3f00000, 0x00000000d5580000)
  object space 1113088K, 99% used [0x0000000080000000,0x00000000c3e9b898,0x00000000c3f00000)
 Metaspace       used 93557K, committed 95104K, reserved 1179648K
  class space    used 9191K, committed 9920K, reserved 1048576K
}
Event: 8354.149 GC heap before
{Heap before GC invocations=16931 (full 10):
 PSYoungGen      total 3072K, used 2545K [0x00000000d5580000, 0x00000000d5980000, 0x0000000100000000)
  eden space 2048K, 100% used [0x00000000d5580000,0x00000000d5780000,0x00000000d5780000)
  from space 1024K, 48% used [0x00000000d5780000,0x00000000d57fc548,0x00000000d5880000)
  to   space 1024K, 0% used [0x00000000d5880000,0x00000000d5880000,0x00000000d5980000)
 ParOldGen       total 1113088K, used 1112686K [0x0000000080000000, 0x00000000c3f00000, 0x00000000d5580000)
  object space 1113088K, 99% used [0x0000000080000000,0x00000000c3e9b898,0x00000000c3f00000)
 Metaspace       used 93557K, committed 95104K, reserved 1179648K
  class space    used 9191K, committed 9920K, reserved 1048576K
}
Event: 8354.151 GC heap after
{Heap after GC invocations=16931 (full 10):
 PSYoungGen      total 3072K, used 914K [0x00000000d5580000, 0x00000000d5980000, 0x0000000100000000)
  eden space 2048K, 0% used [0x00000000d5580000,0x00000000d5580000,0x00000000d5780000)
  from space 1024K, 89% used [0x00000000d5880000,0x00000000d5964a80,0x00000000d5980000)
  to   space 1024K, 0% used [0x00000000d5780000,0x00000000d5780000,0x00000000d5880000)
 ParOldGen       total 1113088K, used 1112694K [0x0000000080000000, 0x00000000c3f00000, 0x00000000d5580000)
  object space 1113088K, 99% used [0x0000000080000000,0x00000000c3e9d898,0x00000000c3f00000)
 Metaspace       used 93557K, committed 95104K, reserved 1179648K
  class space    used 9191K, committed 9920K, reserved 1048576K
}
Event: 8354.154 GC heap before
{Heap before GC invocations=16932 (full 10):
 PSYoungGen      total 3072K, used 2962K [0x00000000d5580000, 0x00000000d5980000, 0x0000000100000000)
  eden space 2048K, 100% used [0x00000000d5580000,0x00000000d5780000,0x00000000d5780000)
  from space 1024K, 89% used [0x00000000d5880000,0x00000000d5964a80,0x00000000d5980000)
  to   space 1024K, 0% used [0x00000000d5780000,0x00000000d5780000,0x00000000d5880000)
 ParOldGen       total 1113088K, used 1112694K [0x0000000080000000, 0x00000000c3f00000, 0x00000000d5580000)
  object space 1113088K, 99% used [0x0000000080000000,0x00000000c3e9d898,0x00000000c3f00000)
 Metaspace       used 93557K, committed 95104K, reserved 1179648K
  class space    used 9191K, committed 9920K, reserved 1048576K
}
Event: 8354.155 GC heap after
{Heap after GC invocations=16932 (full 10):
 PSYoungGen      total 3072K, used 818K [0x00000000d5580000, 0x00000000d5980000, 0x0000000100000000)
  eden space 2048K, 0% used [0x00000000d5580000,0x00000000d5580000,0x00000000d5780000)
  from space 1024K, 79% used [0x00000000d5780000,0x00000000d584ca80,0x00000000d5880000)
  to   space 1024K, 0% used [0x00000000d5880000,0x00000000d5880000,0x00000000d5980000)
 ParOldGen       total 1113088K, used 1112798K [0x0000000080000000, 0x00000000c3f00000, 0x00000000d5580000)
  object space 1113088K, 99% used [0x0000000080000000,0x00000000c3eb7898,0x00000000c3f00000)
 Metaspace       used 93557K, committed 95104K, reserved 1179648K
  class space    used 9191K, committed 9920K, reserved 1048576K
}
Event: 8354.707 GC heap before
{Heap before GC invocations=16933 (full 10):
 PSYoungGen      total 3072K, used 2866K [0x00000000d5580000, 0x00000000d5980000, 0x0000000100000000)
  eden space 2048K, 100% used [0x00000000d5580000,0x00000000d5780000,0x00000000d5780000)
  from space 1024K, 79% used [0x00000000d5780000,0x00000000d584ca80,0x00000000d5880000)
  to   space 1024K, 0% used [0x00000000d5880000,0x00000000d5880000,0x00000000d5980000)
 ParOldGen       total 1113088K, used 1112798K [0x0000000080000000, 0x00000000c3f00000, 0x00000000d5580000)
  object space 1113088K, 99% used [0x0000000080000000,0x00000000c3eb7898,0x00000000c3f00000)
 Metaspace       used 93557K, committed 95104K, reserved 1179648K
  class space    used 9191K, committed 9920K, reserved 1048576K
}
Event: 8354.708 GC heap after
{Heap after GC invocations=16933 (full 10):
 PSYoungGen      total 3072K, used 417K [0x00000000d5580000, 0x00000000d5980000, 0x0000000100000000)
  eden space 2048K, 0% used [0x00000000d5580000,0x00000000d5580000,0x00000000d5780000)
  from space 1024K, 40% used [0x00000000d5880000,0x00000000d58e8540,0x00000000d5980000)
  to   space 1024K, 0% used [0x00000000d5780000,0x00000000d5780000,0x00000000d5880000)
 ParOldGen       total 1113088K, used 1112878K [0x0000000080000000, 0x00000000c3f00000, 0x00000000d5580000)
  object space 1113088K, 99% used [0x0000000080000000,0x00000000c3ecb898,0x00000000c3f00000)
 Metaspace       used 93557K, committed 95104K, reserved 1179648K
  class space    used 9191K, committed 9920K, reserved 1048576K
}
Event: 8354.711 GC heap before
{Heap before GC invocations=16934 (full 10):
 PSYoungGen      total 3072K, used 2465K [0x00000000d5580000, 0x00000000d5980000, 0x0000000100000000)
  eden space 2048K, 100% used [0x00000000d5580000,0x00000000d5780000,0x00000000d5780000)
  from space 1024K, 40% used [0x00000000d5880000,0x00000000d58e8540,0x00000000d5980000)
  to   space 1024K, 0% used [0x00000000d5780000,0x00000000d5780000,0x00000000d5880000)
 ParOldGen       total 1113088K, used 1112878K [0x0000000080000000, 0x00000000c3f00000, 0x00000000d5580000)
  object space 1113088K, 99% used [0x0000000080000000,0x00000000c3ecb898,0x00000000c3f00000)
 Metaspace       used 93557K, committed 95104K, reserved 1179648K
  class space    used 9191K, committed 9920K, reserved 1048576K
}
Event: 8354.714 GC heap after
{Heap after GC invocations=16934 (full 10):
 PSYoungGen      total 3072K, used 800K [0x00000000d5580000, 0x00000000d5980000, 0x0000000100000000)
  eden space 2048K, 0% used [0x00000000d5580000,0x00000000d5580000,0x00000000d5780000)
  from space 1024K, 78% used [0x00000000d5780000,0x00000000d5848020,0x00000000d5880000)
  to   space 1024K, 0% used [0x00000000d5880000,0x00000000d5880000,0x00000000d5980000)
 ParOldGen       total 1113088K, used 1113061K [0x0000000080000000, 0x00000000c3f00000, 0x00000000d5580000)
  object space 1113088K, 99% used [0x0000000080000000,0x00000000c3ef9798,0x00000000c3f00000)
 Metaspace       used 93557K, committed 95104K, reserved 1179648K
  class space    used 9191K, committed 9920K, reserved 1048576K
}
Event: 8355.029 GC heap before
{Heap before GC invocations=16935 (full 10):
 PSYoungGen      total 3072K, used 2848K [0x00000000d5580000, 0x00000000d5980000, 0x0000000100000000)
  eden space 2048K, 100% used [0x00000000d5580000,0x00000000d5780000,0x00000000d5780000)
  from space 1024K, 78% used [0x00000000d5780000,0x00000000d5848020,0x00000000d5880000)
  to   space 1024K, 0% used [0x00000000d5880000,0x00000000d5880000,0x00000000d5980000)
 ParOldGen       total 1113088K, used 1113061K [0x0000000080000000, 0x00000000c3f00000, 0x00000000d5580000)
  object space 1113088K, 99% used [0x0000000080000000,0x00000000c3ef9798,0x00000000c3f00000)
 Metaspace       used 93557K, committed 95104K, reserved 1179648K
  class space    used 9191K, committed 9920K, reserved 1048576K
}
Event: 8355.030 GC heap after
{Heap after GC invocations=16935 (full 10):
 PSYoungGen      total 3072K, used 658K [0x00000000d5580000, 0x00000000d5980000, 0x0000000100000000)
  eden space 2048K, 0% used [0x00000000d5580000,0x00000000d5580000,0x00000000d5780000)
  from space 1024K, 64% used [0x00000000d5880000,0x00000000d5924a90,0x00000000d5980000)
  to   space 1024K, 0% used [0x00000000d5780000,0x00000000d5780000,0x00000000d5880000)
 ParOldGen       total 1114112K, used 1113700K [0x0000000080000000, 0x00000000c4000000, 0x00000000d5580000)
  object space 1114112K, 99% used [0x0000000080000000,0x00000000c3f99150,0x00000000c4000000)
 Metaspace       used 93557K, committed 95104K, reserved 1179648K
  class space    used 9191K, committed 9920K, reserved 1048576K
}
Event: 8355.034 GC heap before
{Heap before GC invocations=16936 (full 10):
 PSYoungGen      total 3072K, used 2706K [0x00000000d5580000, 0x00000000d5980000, 0x0000000100000000)
  eden space 2048K, 100% used [0x00000000d5580000,0x00000000d5780000,0x00000000d5780000)
  from space 1024K, 64% used [0x00000000d5880000,0x00000000d5924a90,0x00000000d5980000)
  to   space 1024K, 0% used [0x00000000d5780000,0x00000000d5780000,0x00000000d5880000)
 ParOldGen       total 1114112K, used 1113700K [0x0000000080000000, 0x00000000c4000000, 0x00000000d5580000)
  object space 1114112K, 99% used [0x0000000080000000,0x00000000c3f99150,0x00000000c4000000)
 Metaspace       used 93557K, committed 95104K, reserved 1179648K
  class space    used 9191K, committed 9920K, reserved 1048576K
}
Event: 8355.035 GC heap after
{Heap after GC invocations=16936 (full 10):
 PSYoungGen      total 3072K, used 561K [0x00000000d5580000, 0x00000000d5980000, 0x0000000100000000)
  eden space 2048K, 0% used [0x00000000d5580000,0x00000000d5580000,0x00000000d5780000)
  from space 1024K, 54% used [0x00000000d5780000,0x00000000d580c550,0x00000000d5880000)
  to   space 1024K, 0% used [0x00000000d5880000,0x00000000d5880000,0x00000000d5980000)
 ParOldGen       total 1114112K, used 1114004K [0x0000000080000000, 0x00000000c4000000, 0x00000000d5580000)
  object space 1114112K, 99% used [0x0000000080000000,0x00000000c3fe5280,0x00000000c4000000)
 Metaspace       used 93557K, committed 95104K, reserved 1179648K
  class space    used 9191K, committed 9920K, reserved 1048576K
}
Event: 8355.111 GC heap before
{Heap before GC invocations=16937 (full 10):
 PSYoungGen      total 3072K, used 2609K [0x00000000d5580000, 0x00000000d5980000, 0x0000000100000000)
  eden space 2048K, 100% used [0x00000000d5580000,0x00000000d5780000,0x00000000d5780000)
  from space 1024K, 54% used [0x00000000d5780000,0x00000000d580c550,0x00000000d5880000)
  to   space 1024K, 0% used [0x00000000d5880000,0x00000000d5880000,0x00000000d5980000)
 ParOldGen       total 1114112K, used 1114004K [0x0000000080000000, 0x00000000c4000000, 0x00000000d5580000)
  object space 1114112K, 99% used [0x0000000080000000,0x00000000c3fe5280,0x00000000c4000000)
 Metaspace       used 93557K, committed 95104K, reserved 1179648K
  class space    used 9191K, committed 9920K, reserved 1048576K
}
Event: 8355.112 GC heap after
{Heap after GC invocations=16937 (full 10):
 PSYoungGen      total 3072K, used 769K [0x00000000d5580000, 0x00000000d5980000, 0x0000000100000000)
  eden space 2048K, 0% used [0x00000000d5580000,0x00000000d5580000,0x00000000d5780000)
  from space 1024K, 75% used [0x00000000d5880000,0x00000000d5940560,0x00000000d5980000)
  to   space 1024K, 0% used [0x00000000d5780000,0x00000000d5780000,0x00000000d5880000)
 ParOldGen       total 1114112K, used 1114012K [0x0000000080000000, 0x00000000c4000000, 0x00000000d5580000)
  object space 1114112K, 99% used [0x0000000080000000,0x00000000c3fe7280,0x00000000c4000000)
 Metaspace       used 93557K, committed 95104K, reserved 1179648K
  class space    used 9191K, committed 9920K, reserved 1048576K
}
Event: 8355.116 GC heap before
{Heap before GC invocations=16938 (full 10):
 PSYoungGen      total 3072K, used 2817K [0x00000000d5580000, 0x00000000d5980000, 0x0000000100000000)
  eden space 2048K, 100% used [0x00000000d5580000,0x00000000d5780000,0x00000000d5780000)
  from space 1024K, 75% used [0x00000000d5880000,0x00000000d5940560,0x00000000d5980000)
  to   space 1024K, 0% used [0x00000000d5780000,0x00000000d5780000,0x00000000d5880000)
 ParOldGen       total 1114112K, used 1114012K [0x0000000080000000, 0x00000000c4000000, 0x00000000d5580000)
  object space 1114112K, 99% used [0x0000000080000000,0x00000000c3fe7280,0x00000000c4000000)
 Metaspace       used 93557K, committed 95104K, reserved 1179648K
  class space    used 9191K, committed 9920K, reserved 1048576K
}
Event: 8355.117 GC heap after
{Heap after GC invocations=16938 (full 10):
 PSYoungGen      total 3072K, used 721K [0x00000000d5580000, 0x00000000d5980000, 0x0000000100000000)
  eden space 2048K, 0% used [0x00000000d5580000,0x00000000d5580000,0x00000000d5780000)
  from space 1024K, 70% used [0x00000000d5780000,0x00000000d5834570,0x00000000d5880000)
  to   space 1024K, 0% used [0x00000000d5880000,0x00000000d5880000,0x00000000d5980000)
 ParOldGen       total 1114112K, used 1114084K [0x0000000080000000, 0x00000000c4000000, 0x00000000d5580000)
  object space 1114112K, 99% used [0x0000000080000000,0x00000000c3ff9280,0x00000000c4000000)
 Metaspace       used 93557K, committed 95104K, reserved 1179648K
  class space    used 9191K, committed 9920K, reserved 1048576K
}

